<?xml version="1.0" encoding="UTF-8"?>
<!-- Generated by org.testng.reporters.JUnitReportReporter -->
<testsuite hostname="NAMAN-PC" name="com.stta.SuiteOne.SuiteOneCaseOne" tests="2" failures="0" timestamp="23 Apr 2017 11:24:26 GMT" time="37.238" errors="0">
  <testcase name="SuiteOneCaseOneTest" time="3.064" classname="com.stta.SuiteOne.SuiteOneCaseOne"/>
  <testcase name="SuiteOneCaseOneTest" time="34.174" classname="com.stta.SuiteOne.SuiteOneCaseOne"/>
</testsuite> <!-- com.stta.SuiteOne.SuiteOneCaseOne -->
